<?xml version="1.0" encoding="UTF-8"?>
<!-- Generated by org.testng.reporters.JUnitXMLReporter -->
<testsuite ignored="7" hostname="XIPLRAC037" failures="2" tests="2" name="Test" time="30.708" errors="0" timestamp="12 Apr 2019 05:56:24 GMT">
  <testcase classname="edgeConnectTest.MTC001Login" name="loginToECWithSSO" time="26.775">
    <failure type="java.lang.AssertionError" message="Validating the URL in order to know that user is successfully logged in to the application expected [http://172.26.62.18:9090/dashboard] but found [https://login.microsoftonline.com/kmsi]">
      <![CDATA[java.lang.AssertionError: Validating the URL in order to know that user is successfully logged in to the application expected [http://172.26.62.18:9090/dashboard] but found [https://login.microsoftonline.com/kmsi]
at edgeConnectTest.MTC001Login.loginToECWithSSO(MTC001Login.java:56)
... Removed 30 stack frames]]>
    </failure>
  </testcase> <!-- loginToECWithSSO -->
  <testcase classname="edgeConnectTest.MTC002IssueCreation" name="IssueCreation" time="0.23">
    <failure type="org.openqa.selenium.NoSuchElementException" message="no such element: Unable to locate element: {&amp;quot;method&amp;quot;:&amp;quot;xpath&amp;quot;,&amp;quot;selector&amp;quot;:&amp;quot;//input[@id=&amp;apos;email&amp;apos;]&amp;quot;}
  (Session info: chrome=73.0.3683.90)
  (Driver info: chromedriver=2.45.615291 (ec3682e3c9061c10f26ea9e5cdcf3c53f3f74387),platform=Windows NT 10.0.17763 x86_64)
For documentation on this error, please visit: https://www.seleniumhq.org/exceptions/no_such_element.html
Build info: version: &amp;apos;3.141.59&amp;apos;, revision: &amp;apos;e82be7d358&amp;apos;, time: &amp;apos;2018-11-14T08:17:03&amp;apos;
System info: host: &amp;apos;XIPLRAC037&amp;apos;, ip: &amp;apos;172.26.62.28&amp;apos;, os.name: &amp;apos;Windows 10&amp;apos;, os.arch: &amp;apos;amd64&amp;apos;, os.version: &amp;apos;10.0&amp;apos;, java.version: &amp;apos;11.0.1&amp;apos;
Driver info: io.appium.java_client.android.AndroidDriver
Capabilities {browserName: chrome, databaseEnabled: false, desired: {browserName: chrome, deviceName: android, platformName: android}, deviceManufacturer: HUAWEI, deviceModel: LLD-AL10, deviceName: J9F4C18208008447, deviceScreenSize: 1080x2160, deviceUDID: J9F4C18208008447, javascriptEnabled: true, locationContextEnabled: false, networkConnectionEnabled: true, platform: LINUX, platformName: Android, platformVersion: 8.0.0, takesScreenshot: true, warnings: {}, webStorageEnabled: false}
Session ID: d96bb017-a6bc-4767-b58a-9ee12255b029
*** Element info: {Using=xpath, value=//input[@id=&amp;apos;email&amp;apos;]}">
      <![CDATA[org.openqa.selenium.NoSuchElementException: no such element: Unable to locate element: {"method":"xpath","selector":"//input[@id='email']"}
  (Session info: chrome=73.0.3683.90)
  (Driver info: chromedriver=2.45.615291 (ec3682e3c9061c10f26ea9e5cdcf3c53f3f74387),platform=Windows NT 10.0.17763 x86_64)
For documentation on this error, please visit: https://www.seleniumhq.org/exceptions/no_such_element.html
Build info: version: '3.141.59', revision: 'e82be7d358', time: '2018-11-14T08:17:03'
System info: host: 'XIPLRAC037', ip: '172.26.62.28', os.name: 'Windows 10', os.arch: 'amd64', os.version: '10.0', java.version: '11.0.1'
Driver info: io.appium.java_client.android.AndroidDriver
Capabilities {browserName: chrome, databaseEnabled: false, desired: {browserName: chrome, deviceName: android, platformName: android}, deviceManufacturer: HUAWEI, deviceModel: LLD-AL10, deviceName: J9F4C18208008447, deviceScreenSize: 1080x2160, deviceUDID: J9F4C18208008447, javascriptEnabled: true, locationContextEnabled: false, networkConnectionEnabled: true, platform: LINUX, platformName: Android, platformVersion: 8.0.0, takesScreenshot: true, warnings: {}, webStorageEnabled: false}
Session ID: d96bb017-a6bc-4767-b58a-9ee12255b029
*** Element info: {Using=xpath, value=//input[@id='email']}
at org.openqa.selenium.remote.http.W3CHttpResponseCodec.createException(W3CHttpResponseCodec.java:187)
at org.openqa.selenium.remote.http.W3CHttpResponseCodec.decode(W3CHttpResponseCodec.java:122)
at org.openqa.selenium.remote.http.W3CHttpResponseCodec.decode(W3CHttpResponseCodec.java:49)
at org.openqa.selenium.remote.HttpCommandExecutor.execute(HttpCommandExecutor.java:158)
at io.appium.java_client.remote.AppiumCommandExecutor.execute(AppiumCommandExecutor.java:239)
at org.openqa.selenium.remote.RemoteWebDriver.execute(RemoteWebDriver.java:552)
at io.appium.java_client.DefaultGenericMobileDriver.execute(DefaultGenericMobileDriver.java:42)
at io.appium.java_client.AppiumDriver.execute(AppiumDriver.java:1)
at io.appium.java_client.android.AndroidDriver.execute(AndroidDriver.java:1)
at org.openqa.selenium.remote.RemoteWebDriver.findElement(RemoteWebDriver.java:323)
at io.appium.java_client.DefaultGenericMobileDriver.findElement(DefaultGenericMobileDriver.java:62)
at io.appium.java_client.AppiumDriver.findElement(AppiumDriver.java:1)
at io.appium.java_client.android.AndroidDriver.findElement(AndroidDriver.java:1)
at org.openqa.selenium.remote.RemoteWebDriver.findElementByXPath(RemoteWebDriver.java:428)
at io.appium.java_client.DefaultGenericMobileDriver.findElementByXPath(DefaultGenericMobileDriver.java:152)
at io.appium.java_client.AppiumDriver.findElementByXPath(AppiumDriver.java:1)
at io.appium.java_client.android.AndroidDriver.findElementByXPath(AndroidDriver.java:1)
at org.openqa.selenium.By$ByXPath.findElement(By.java:353)
at org.openqa.selenium.remote.RemoteWebDriver.findElement(RemoteWebDriver.java:315)
at io.appium.java_client.DefaultGenericMobileDriver.findElement(DefaultGenericMobileDriver.java:58)
at io.appium.java_client.AppiumDriver.findElement(AppiumDriver.java:1)
at io.appium.java_client.android.AndroidDriver.findElement(AndroidDriver.java:1)
at org.openqa.selenium.support.pagefactory.DefaultElementLocator.findElement(DefaultElementLocator.java:69)
at org.openqa.selenium.support.pagefactory.internal.LocatingElementHandler.invoke(LocatingElementHandler.java:38)
at com.sun.proxy.$Proxy30.clear(Unknown Source)
at pageObjects.LoginPage.clearUserName(LoginPage.java:31)
at pageObjects.LoginPage.login(LoginPage.java:165)
at edgeConnectTest.MTC002IssueCreation.IssueCreation(MTC002IssueCreation.java:55)
... Removed 29 stack frames]]>
    </failure>
  </testcase> <!-- IssueCreation -->
  <testcase classname="edgeConnectTest.MTC001Login" name="loginToEC" time="0.0">
    <ignored/>
  </testcase> <!-- loginToEC -->
  <testcase classname="edgeConnectTest.MTC001Login" name="loginToECBlankPwd" time="0.0">
    <ignored/>
  </testcase> <!-- loginToECBlankPwd -->
  <testcase classname="resources.TestBase" name="@BeforeSuite initalize" time="0.0">
    <ignored/>
  </testcase> <!-- @BeforeSuite initalize -->
  <testcase classname="edgeConnectTest.MTC001Login" name="loginToECBlankId" time="0.0">
    <ignored/>
  </testcase> <!-- loginToECBlankId -->
  <testcase classname="edgeConnectTest.MTC001Login" name="loginToECInivalidId" time="0.0">
    <ignored/>
  </testcase> <!-- loginToECInivalidId -->
  <testcase classname="resources.TestBase" name="@AfterTest teardown" time="0.0">
    <ignored/>
  </testcase> <!-- @AfterTest teardown -->
  <testcase classname="edgeConnectTest.MTC001Login" name="loginToECToCheckFaliureInvalidData" time="0.0">
    <ignored/>
  </testcase> <!-- loginToECToCheckFaliureInvalidData -->
</testsuite> <!-- Test -->
