<?xml version="1.0" encoding="UTF-8"?>
<testng-results ignored="5" total="6" passed="0" failed="1" skipped="0">
  <reporter-output>
  </reporter-output>
  <suite started-at="2019-04-11T05:55:37Z" name="Default suite" finished-at="2019-04-11T05:55:56Z" duration-ms="19337">
    <groups>
    </groups>
    <test started-at="2019-04-11T05:55:37Z" name="Default test" finished-at="2019-04-11T05:55:56Z" duration-ms="19337">
      <class name="edgeConnectTest.MTC001Login">
        <test-method is-config="true" signature="initalize()[pri:0, instance:edgeConnectTest.MTC001Login@4fbda97b]" started-at="2019-04-11T05:55:18Z" name="initalize" finished-at="2019-04-11T05:55:37Z" duration-ms="18338" status="PASS">
          <reporter-output>
          </reporter-output>
        </test-method> <!-- initalize -->
        <test-method signature="loginToECWithSSO()[pri:0, instance:edgeConnectTest.MTC001Login@4fbda97b]" started-at="2019-04-11T05:55:37Z" name="loginToECWithSSO" finished-at="2019-04-11T05:55:56Z" duration-ms="18995" status="FAIL">
          <exception class="java.lang.AssertionError">
            <message>
              <![CDATA[Validating the URL in order to know that user is successfully logged in to the application expected [http://172.26.62.18:9090/dashboard] but found [https://login.microsoftonline.com/kmsi]]]>
            </message>
            <full-stacktrace>
              <![CDATA[java.lang.AssertionError: Validating the URL in order to know that user is successfully logged in to the application expected [http://172.26.62.18:9090/dashboard] but found [https://login.microsoftonline.com/kmsi]
at org.testng.Assert.fail(Assert.java:96)
at org.testng.Assert.failNotEquals(Assert.java:776)
at org.testng.Assert.assertEqualsImpl(Assert.java:137)
at org.testng.Assert.assertEquals(Assert.java:118)
at org.testng.Assert.assertEquals(Assert.java:453)
at edgeConnectTest.MTC001Login.loginToECWithSSO(MTC001Login.java:56)
at java.base/jdk.internal.reflect.NativeMethodAccessorImpl.invoke0(Native Method)
at java.base/jdk.internal.reflect.NativeMethodAccessorImpl.invoke(NativeMethodAccessorImpl.java:62)
at java.base/jdk.internal.reflect.DelegatingMethodAccessorImpl.invoke(DelegatingMethodAccessorImpl.java:43)
at java.base/java.lang.reflect.Method.invoke(Method.java:566)
at org.testng.internal.MethodInvocationHelper.invokeMethod(MethodInvocationHelper.java:124)
at org.testng.internal.Invoker.invokeMethod(Invoker.java:580)
at org.testng.internal.Invoker.invokeTestMethod(Invoker.java:716)
at org.testng.internal.Invoker.invokeTestMethods(Invoker.java:988)
at org.testng.internal.TestMethodWorker.invokeTestMethods(TestMethodWorker.java:125)
at org.testng.internal.TestMethodWorker.run(TestMethodWorker.java:109)
at org.testng.TestRunner.privateRun(TestRunner.java:648)
at org.testng.TestRunner.run(TestRunner.java:505)
at org.testng.SuiteRunner.runTest(SuiteRunner.java:455)
at org.testng.SuiteRunner.runSequentially(SuiteRunner.java:450)
at org.testng.SuiteRunner.privateRun(SuiteRunner.java:415)
at org.testng.SuiteRunner.run(SuiteRunner.java:364)
at org.testng.SuiteRunnerWorker.runSuite(SuiteRunnerWorker.java:52)
at org.testng.SuiteRunnerWorker.run(SuiteRunnerWorker.java:84)
at org.testng.TestNG.runSuitesSequentially(TestNG.java:1208)
at org.testng.TestNG.runSuitesLocally(TestNG.java:1137)
at org.testng.TestNG.runSuites(TestNG.java:1049)
at org.testng.TestNG.run(TestNG.java:1017)
at org.testng.remote.AbstractRemoteTestNG.run(AbstractRemoteTestNG.java:114)
at org.testng.remote.RemoteTestNG.initAndRun(RemoteTestNG.java:251)
at org.testng.remote.RemoteTestNG.main(RemoteTestNG.java:77)
]]>
            </full-stacktrace>
          </exception> <!-- java.lang.AssertionError -->
          <reporter-output>
          </reporter-output>
        </test-method> <!-- loginToECWithSSO -->
        <test-method is-config="true" signature="teardown()[pri:0, instance:edgeConnectTest.MTC001Login@4fbda97b]" started-at="2019-04-11T05:55:56Z" name="teardown" finished-at="2019-04-11T05:55:56Z" duration-ms="317" status="PASS">
          <reporter-output>
          </reporter-output>
        </test-method> <!-- teardown -->
      </class> <!-- edgeConnectTest.MTC001Login -->
    </test> <!-- Default test -->
  </suite> <!-- Default suite -->
</testng-results>
